# JRE version: OpenJDK Runtime Environment Temurin-17.0.12+7 (17.0.12+7) (build 17.0.12+7)
# Java VM: OpenJDK 64-Bit Server VM Temurin-17.0.12+7 (17.0.12+7, mixed mode, tiered, compressed oops, compressed class ptrs, parallel gc, windows-amd64)
GC Precious Log:
 CPUs: 4 total, 4 available
 Memory: 8075M
 Large Page Support: Disabled
 NUMA Support: Disabled
 Compressed Oops: Enabled (32-bit)
 Alignments: Space 512K, Generation 512K, Heap 2M
 Heap Min Capacity: 100M
 Heap Initial Capacity: 100M
 Heap Max Capacity: 1G
 Pre-touch: Disabled
 Parallel Workers: 4
Heap:
 PSYoungGen      total 29696K, used 20429K [0x00000000eab00000, 0x00000000ed800000, 0x0000000100000000)
  eden space 14336K, 38% used [0x00000000eab00000,0x00000000eb059488,0x00000000eb900000)
  from space 15360K, 97% used [0x00000000eba00000,0x00000000ec89a0e0,0x00000000ec900000)
  to   space 15360K, 0% used [0x00000000ec900000,0x00000000ec900000,0x00000000ed800000)
 ParOldGen       total 338944K, used 304397K [0x00000000c0000000, 0x00000000d4b00000, 0x00000000eab00000)
  object space 338944K, 89% used [0x00000000c0000000,0x00000000d2943630,0x00000000d4b00000)
 Metaspace       used 81482K, committed 83008K, reserved 1179648K
  class space    used 8175K, committed 8832K, reserved 1048576K
GC Heap History (20 events):
Event: 122.018 GC heap before
{Heap before GC invocations=344 (full 15):
 PSYoungGen      total 30720K, used 30644K [0x00000000eab00000, 0x00000000ed580000, 0x0000000100000000)
  eden space 18944K, 99% used [0x00000000eab00000,0x00000000ebd7fff8,0x00000000ebd80000)
  from space 11776K, 99% used [0x00000000ebd80000,0x00000000ec8ed1e8,0x00000000ec900000)
  to   space 12288K, 0% used [0x00000000ec980000,0x00000000ec980000,0x00000000ed580000)
 ParOldGen       total 338944K, used 290500K [0x00000000c0000000, 0x00000000d4b00000, 0x00000000eab00000)
  object space 338944K, 85% used [0x00000000c0000000,0x00000000d1bb13f0,0x00000000d4b00000)
 Metaspace       used 79198K, committed 80640K, reserved 1179648K
  class space    used 7969K, committed 8512K, reserved 1048576K
}
Event: 122.031 GC heap after
{Heap after GC invocations=344 (full 15):
 PSYoungGen      total 27648K, used 12272K [0x00000000eab00000, 0x00000000edc80000, 0x0000000100000000)
  eden space 15360K, 0% used [0x00000000eab00000,0x00000000eab00000,0x00000000eba00000)
  from space 12288K, 99% used [0x00000000ec980000,0x00000000ed57c258,0x00000000ed580000)
  to   space 15872K, 0% used [0x00000000eba00000,0x00000000eba00000,0x00000000ec980000)
 ParOldGen       total 338944K, used 293062K [0x00000000c0000000, 0x00000000d4b00000, 0x00000000eab00000)
  object space 338944K, 86% used [0x00000000c0000000,0x00000000d1e318a0,0x00000000d4b00000)
 Metaspace       used 79198K, committed 80640K, reserved 1179648K
  class space    used 7969K, committed 8512K, reserved 1048576K
}
Event: 122.136 GC heap before
{Heap before GC invocations=345 (full 15):
 PSYoungGen      total 27648K, used 27632K [0x00000000eab00000, 0x00000000edc80000, 0x0000000100000000)
  eden space 15360K, 100% used [0x00000000eab00000,0x00000000eba00000,0x00000000eba00000)
  from space 12288K, 99% used [0x00000000ec980000,0x00000000ed57c258,0x00000000ed580000)
  to   space 15872K, 0% used [0x00000000eba00000,0x00000000eba00000,0x00000000ec980000)
 ParOldGen       total 338944K, used 293062K [0x00000000c0000000, 0x00000000d4b00000, 0x00000000eab00000)
  object space 338944K, 86% used [0x00000000c0000000,0x00000000d1e318a0,0x00000000d4b00000)
 Metaspace       used 79256K, committed 80704K, reserved 1179648K
  class space    used 7972K, committed 8512K, reserved 1048576K
}
Event: 122.152 GC heap after
{Heap after GC invocations=345 (full 15):
 PSYoungGen      total 31232K, used 15852K [0x00000000eab00000, 0x00000000edf00000, 0x0000000100000000)
  eden space 15360K, 0% used [0x00000000eab00000,0x00000000eab00000,0x00000000eba00000)
  from space 15872K, 99% used [0x00000000eba00000,0x00000000ec97b348,0x00000000ec980000)
  to   space 18944K, 0% used [0x00000000ecc80000,0x00000000ecc80000,0x00000000edf00000)
 ParOldGen       total 338944K, used 295306K [0x00000000c0000000, 0x00000000d4b00000, 0x00000000eab00000)
  object space 338944K, 87% used [0x00000000c0000000,0x00000000d2062ac0,0x00000000d4b00000)
 Metaspace       used 79256K, committed 80704K, reserved 1179648K
  class space    used 7972K, committed 8512K, reserved 1048576K
}
Event: 122.310 GC heap before
{Heap before GC invocations=346 (full 15):
 PSYoungGen      total 31232K, used 31212K [0x00000000eab00000, 0x00000000edf00000, 0x0000000100000000)
  eden space 15360K, 100% used [0x00000000eab00000,0x00000000eba00000,0x00000000eba00000)
  from space 15872K, 99% used [0x00000000eba00000,0x00000000ec97b348,0x00000000ec980000)
  to   space 18944K, 0% used [0x00000000ecc80000,0x00000000ecc80000,0x00000000edf00000)
 ParOldGen       total 338944K, used 295306K [0x00000000c0000000, 0x00000000d4b00000, 0x00000000eab00000)
  object space 338944K, 87% used [0x00000000c0000000,0x00000000d2062ac0,0x00000000d4b00000)
 Metaspace       used 79397K, committed 80896K, reserved 1179648K
  class space    used 7999K, committed 8576K, reserved 1048576K
}
Event: 122.330 GC heap after
{Heap after GC invocations=346 (full 15):
 PSYoungGen      total 29696K, used 12294K [0x00000000eab00000, 0x00000000ed900000, 0x0000000100000000)
  eden space 16896K, 0% used [0x00000000eab00000,0x00000000eab00000,0x00000000ebb80000)
  from space 12800K, 96% used [0x00000000ecc80000,0x00000000ed881b80,0x00000000ed900000)
  to   space 14848K, 0% used [0x00000000ebc00000,0x00000000ebc00000,0x00000000eca80000)
 ParOldGen       total 338944K, used 295514K [0x00000000c0000000, 0x00000000d4b00000, 0x00000000eab00000)
  object space 338944K, 87% used [0x00000000c0000000,0x00000000d2096ac0,0x00000000d4b00000)
 Metaspace       used 79397K, committed 80896K, reserved 1179648K
  class space    used 7999K, committed 8576K, reserved 1048576K
}
Event: 122.572 GC heap before
{Heap before GC invocations=347 (full 15):
 PSYoungGen      total 29696K, used 29190K [0x00000000eab00000, 0x00000000ed900000, 0x0000000100000000)
  eden space 16896K, 100% used [0x00000000eab00000,0x00000000ebb80000,0x00000000ebb80000)
  from space 12800K, 96% used [0x00000000ecc80000,0x00000000ed881b80,0x00000000ed900000)
  to   space 14848K, 0% used [0x00000000ebc00000,0x00000000ebc00000,0x00000000eca80000)
 ParOldGen       total 338944K, used 295514K [0x00000000c0000000, 0x00000000d4b00000, 0x00000000eab00000)
  object space 338944K, 87% used [0x00000000c0000000,0x00000000d2096ac0,0x00000000d4b00000)
 Metaspace       used 79983K, committed 81472K, reserved 1179648K
  class space    used 8043K, committed 8640K, reserved 1048576K
}
Event: 122.583 GC heap after
{Heap after GC invocations=347 (full 15):
 PSYoungGen      total 29184K, used 11986K [0x00000000eab00000, 0x00000000ed480000, 0x0000000100000000)
  eden space 16896K, 0% used [0x00000000eab00000,0x00000000eab00000,0x00000000ebb80000)
  from space 12288K, 97% used [0x00000000ebc00000,0x00000000ec7b49b0,0x00000000ec800000)
  to   space 12800K, 0% used [0x00000000ec800000,0x00000000ec800000,0x00000000ed480000)
 ParOldGen       total 338944K, used 295522K [0x00000000c0000000, 0x00000000d4b00000, 0x00000000eab00000)
  object space 338944K, 87% used [0x00000000c0000000,0x00000000d2098ac0,0x00000000d4b00000)
 Metaspace       used 79983K, committed 81472K, reserved 1179648K
  class space    used 8043K, committed 8640K, reserved 1048576K
}
Event: 122.893 GC heap before
{Heap before GC invocations=348 (full 15):
 PSYoungGen      total 29184K, used 28882K [0x00000000eab00000, 0x00000000ed480000, 0x0000000100000000)
  eden space 16896K, 99% used [0x00000000eab00000,0x00000000ebb7fff8,0x00000000ebb80000)
  from space 12288K, 97% used [0x00000000ebc00000,0x00000000ec7b49b0,0x00000000ec800000)
  to   space 12800K, 0% used [0x00000000ec800000,0x00000000ec800000,0x00000000ed480000)
 ParOldGen       total 338944K, used 295522K [0x00000000c0000000, 0x00000000d4b00000, 0x00000000eab00000)
  object space 338944K, 87% used [0x00000000c0000000,0x00000000d2098ac0,0x00000000d4b00000)
 Metaspace       used 80046K, committed 81536K, reserved 1179648K
  class space    used 8043K, committed 8640K, reserved 1048576K
}
Event: 122.915 GC heap after
{Heap after GC invocations=348 (full 15):
 PSYoungGen      total 27136K, used 12768K [0x00000000eab00000, 0x00000000ed980000, 0x0000000100000000)
  eden space 14336K, 0% used [0x00000000eab00000,0x00000000eab00000,0x00000000eb900000)
  from space 12800K, 99% used [0x00000000ec800000,0x00000000ed4781c8,0x00000000ed480000)
  to   space 15360K, 0% used [0x00000000eb900000,0x00000000eb900000,0x00000000ec800000)
 ParOldGen       total 338944K, used 297248K [0x00000000c0000000, 0x00000000d4b00000, 0x00000000eab00000)
  object space 338944K, 87% used [0x00000000c0000000,0x00000000d22483b0,0x00000000d4b00000)
 Metaspace       used 80046K, committed 81536K, reserved 1179648K
  class space    used 8043K, committed 8640K, reserved 1048576K
}
Event: 123.217 GC heap before
{Heap before GC invocations=349 (full 15):
 PSYoungGen      total 27136K, used 27104K [0x00000000eab00000, 0x00000000ed980000, 0x0000000100000000)
  eden space 14336K, 100% used [0x00000000eab00000,0x00000000eb900000,0x00000000eb900000)
  from space 12800K, 99% used [0x00000000ec800000,0x00000000ed4781c8,0x00000000ed480000)
  to   space 15360K, 0% used [0x00000000eb900000,0x00000000eb900000,0x00000000ec800000)
 ParOldGen       total 338944K, used 297248K [0x00000000c0000000, 0x00000000d4b00000, 0x00000000eab00000)
  object space 338944K, 87% used [0x00000000c0000000,0x00000000d22483b0,0x00000000d4b00000)
 Metaspace       used 80072K, committed 81536K, reserved 1179648K
  class space    used 8043K, committed 8640K, reserved 1048576K
}
Event: 123.242 GC heap after
{Heap after GC invocations=349 (full 15):
 PSYoungGen      total 29696K, used 15338K [0x00000000eab00000, 0x00000000ee500000, 0x0000000100000000)
  eden space 14336K, 0% used [0x00000000eab00000,0x00000000eab00000,0x00000000eb900000)
  from space 15360K, 99% used [0x00000000eb900000,0x00000000ec7fa970,0x00000000ec800000)
  to   space 22528K, 0% used [0x00000000ecf00000,0x00000000ecf00000,0x00000000ee500000)
 ParOldGen       total 338944K, used 302749K [0x00000000c0000000, 0x00000000d4b00000, 0x00000000eab00000)
  object space 338944K, 89% used [0x00000000c0000000,0x00000000d27a7430,0x00000000d4b00000)
 Metaspace       used 80072K, committed 81536K, reserved 1179648K
  class space    used 8043K, committed 8640K, reserved 1048576K
}
Event: 123.525 GC heap before
{Heap before GC invocations=350 (full 15):
 PSYoungGen      total 29696K, used 29674K [0x00000000eab00000, 0x00000000ee500000, 0x0000000100000000)
  eden space 14336K, 100% used [0x00000000eab00000,0x00000000eb900000,0x00000000eb900000)
  from space 15360K, 99% used [0x00000000eb900000,0x00000000ec7fa970,0x00000000ec800000)
  to   space 22528K, 0% used [0x00000000ecf00000,0x00000000ecf00000,0x00000000ee500000)
 ParOldGen       total 338944K, used 302749K [0x00000000c0000000, 0x00000000d4b00000, 0x00000000eab00000)
  object space 338944K, 89% used [0x00000000c0000000,0x00000000d27a7430,0x00000000d4b00000)
 Metaspace       used 80100K, committed 81600K, reserved 1179648K
  class space    used 8043K, committed 8640K, reserved 1048576K
}
Event: 123.541 GC heap after
{Heap after GC invocations=350 (full 15):
 PSYoungGen      total 30720K, used 16376K [0x00000000eab00000, 0x00000000edf00000, 0x0000000100000000)
  eden space 14336K, 0% used [0x00000000eab00000,0x00000000eab00000,0x00000000eb900000)
  from space 16384K, 99% used [0x00000000ecf00000,0x00000000edefe088,0x00000000edf00000)
  to   space 18432K, 0% used [0x00000000ebb00000,0x00000000ebb00000,0x00000000ecd00000)
 ParOldGen       total 338944K, used 302933K [0x00000000c0000000, 0x00000000d4b00000, 0x00000000eab00000)
  object space 338944K, 89% used [0x00000000c0000000,0x00000000d27d5430,0x00000000d4b00000)
 Metaspace       used 80100K, committed 81600K, reserved 1179648K
  class space    used 8043K, committed 8640K, reserved 1048576K
}
Event: 124.181 GC heap before
{Heap before GC invocations=351 (full 15):
 PSYoungGen      total 30720K, used 30712K [0x00000000eab00000, 0x00000000edf00000, 0x0000000100000000)
  eden space 14336K, 100% used [0x00000000eab00000,0x00000000eb900000,0x00000000eb900000)
  from space 16384K, 99% used [0x00000000ecf00000,0x00000000edefe088,0x00000000edf00000)
  to   space 18432K, 0% used [0x00000000ebb00000,0x00000000ebb00000,0x00000000ecd00000)
 ParOldGen       total 338944K, used 302933K [0x00000000c0000000, 0x00000000d4b00000, 0x00000000eab00000)
  object space 338944K, 89% used [0x00000000c0000000,0x00000000d27d5430,0x00000000d4b00000)
 Metaspace       used 80697K, committed 82176K, reserved 1179648K
  class space    used 8092K, committed 8704K, reserved 1048576K
}
Event: 124.205 GC heap after
{Heap after GC invocations=351 (full 15):
 PSYoungGen      total 31232K, used 16394K [0x00000000eab00000, 0x00000000eda00000, 0x0000000100000000)
  eden space 14336K, 0% used [0x00000000eab00000,0x00000000eab00000,0x00000000eb900000)
  from space 16896K, 97% used [0x00000000ebb00000,0x00000000ecb02b20,0x00000000ecb80000)
  to   space 14848K, 0% used [0x00000000ecb80000,0x00000000ecb80000,0x00000000eda00000)
 ParOldGen       total 338944K, used 302933K [0x00000000c0000000, 0x00000000d4b00000, 0x00000000eab00000)
  object space 338944K, 89% used [0x00000000c0000000,0x00000000d27d5430,0x00000000d4b00000)
 Metaspace       used 80697K, committed 82176K, reserved 1179648K
  class space    used 8092K, committed 8704K, reserved 1048576K
}
Event: 124.925 GC heap before
{Heap before GC invocations=352 (full 15):
 PSYoungGen      total 31232K, used 30730K [0x00000000eab00000, 0x00000000eda00000, 0x0000000100000000)
  eden space 14336K, 100% used [0x00000000eab00000,0x00000000eb900000,0x00000000eb900000)
  from space 16896K, 97% used [0x00000000ebb00000,0x00000000ecb02b20,0x00000000ecb80000)
  to   space 14848K, 0% used [0x00000000ecb80000,0x00000000ecb80000,0x00000000eda00000)
 ParOldGen       total 338944K, used 302933K [0x00000000c0000000, 0x00000000d4b00000, 0x00000000eab00000)
  object space 338944K, 89% used [0x00000000c0000000,0x00000000d27d5430,0x00000000d4b00000)
 Metaspace       used 80996K, committed 82432K, reserved 1179648K
  class space    used 8134K, committed 8704K, reserved 1048576K
}
Event: 124.941 GC heap after
{Heap after GC invocations=352 (full 15):
 PSYoungGen      total 29184K, used 14823K [0x00000000eab00000, 0x00000000eda00000, 0x0000000100000000)
  eden space 14336K, 0% used [0x00000000eab00000,0x00000000eab00000,0x00000000eb900000)
  from space 14848K, 99% used [0x00000000ecb80000,0x00000000ed9f9cf8,0x00000000eda00000)
  to   space 16384K, 0% used [0x00000000eba00000,0x00000000eba00000,0x00000000eca00000)
 ParOldGen       total 338944K, used 304349K [0x00000000c0000000, 0x00000000d4b00000, 0x00000000eab00000)
  object space 338944K, 89% used [0x00000000c0000000,0x00000000d2937630,0x00000000d4b00000)
 Metaspace       used 80996K, committed 82432K, reserved 1179648K
  class space    used 8134K, committed 8704K, reserved 1048576K
}
Event: 353.737 GC heap before
{Heap before GC invocations=353 (full 15):
 PSYoungGen      total 29184K, used 29129K [0x00000000eab00000, 0x00000000eda00000, 0x0000000100000000)
  eden space 14336K, 99% used [0x00000000eab00000,0x00000000eb8f88e8,0x00000000eb900000)
  from space 14848K, 99% used [0x00000000ecb80000,0x00000000ed9f9cf8,0x00000000eda00000)
  to   space 16384K, 0% used [0x00000000eba00000,0x00000000eba00000,0x00000000eca00000)
 ParOldGen       total 338944K, used 304349K [0x00000000c0000000, 0x00000000d4b00000, 0x00000000eab00000)
  object space 338944K, 89% used [0x00000000c0000000,0x00000000d2937630,0x00000000d4b00000)
 Metaspace       used 81186K, committed 82752K, reserved 1179648K
  class space    used 8158K, committed 8832K, reserved 1048576K
}
Event: 353.751 GC heap after
{Heap after GC invocations=353 (full 15):
 PSYoungGen      total 29696K, used 14952K [0x00000000eab00000, 0x00000000ed800000, 0x0000000100000000)
  eden space 14336K, 0% used [0x00000000eab00000,0x00000000eab00000,0x00000000eb900000)
  from space 15360K, 97% used [0x00000000eba00000,0x00000000ec89a0e0,0x00000000ec900000)
  to   space 15360K, 0% used [0x00000000ec900000,0x00000000ec900000,0x00000000ed800000)
 ParOldGen       total 338944K, used 304397K [0x00000000c0000000, 0x00000000d4b00000, 0x00000000eab00000)
  object space 338944K, 89% used [0x00000000c0000000,0x00000000d2943630,0x00000000d4b00000)
 Metaspace       used 81186K, committed 82752K, reserved 1179648K
  class space    used 8158K, committed 8832K, reserved 1048576K
}

